<?xml version="1.0" encoding="UTF-8"?>
<testsuite name="HelloTest" tests="2" skipped="0" failures="0" errors="0" timestamp="2020-08-03T04:30:30" hostname="THRL-1175" time="0.007">
  <properties/>
  <testcase name="SayHiArayaShouldReturnHelloAraya" classname="HelloTest" time="0.006"/>
  <testcase name="SayHiShouldReturnHello" classname="HelloTest" time="0.0"/>
  <system-out><![CDATA[]]></system-out>
  <system-err><![CDATA[]]></system-err>
</testsuite>
